<?xml version="1.0" encoding="UTF-8"?>
<!-- Generated by org.testng.reporters.JUnitReportReporter -->
<testsuite hostname="Lex-Desktop" name="testcases.loginTest" tests="1" failures="0" timestamp="22 Jul 2014 18:57:47 GMT" time="13.352" errors="0">
  <testcase name="login_01" time="13.352" classname="testcases.loginTest"/>
</testsuite> <!-- testcases.loginTest -->
